
  .   ____          _            __ _ _
 /\\ / ___'_ __ _ _(_)_ __  __ _ \ \ \ \
( ( )\___ | '_ | '_| | '_ \/ _` | \ \ \ \
 \\/  ___)| |_)| | | | | || (_| |  ) ) ) )
  '  |____| .__|_| |_|_| |_\__, | / / / /
 =========|_|==============|___/=/_/_/_/

 :: Spring Boot ::                (v3.5.8)

2026-01-18T21:04:08.909+01:00  INFO 689250 --- [ork8stra] [           main] [                                                 ] com.ork8stra.Ork8straApplication         : Starting Ork8straApplication v0.0.1-SNAPSHOT using Java 21.0.9 with PID 689250 (/home/malik/Desktop/kubelite./kubelite/target/ork8stra-0.0.1-SNAPSHOT.jar started by malik in /home/malik/Desktop/kubelite./kubelite)
2026-01-18T21:04:08.913+01:00  INFO 689250 --- [ork8stra] [           main] [                                                 ] com.ork8stra.Ork8straApplication         : No active profile set, falling back to 1 default profile: "default"
2026-01-18T21:04:11.461+01:00  INFO 689250 --- [ork8stra] [           main] [                                                 ] .s.d.r.c.RepositoryConfigurationDelegate : Bootstrapping Spring Data JPA repositories in DEFAULT mode.
2026-01-18T21:04:11.672+01:00  INFO 689250 --- [ork8stra] [           main] [                                                 ] .s.d.r.c.RepositoryConfigurationDelegate : Finished Spring Data repository scanning in 189 ms. Found 5 JPA repository interfaces.
2026-01-18T21:04:12.582+01:00  INFO 689250 --- [ork8stra] [cTaskExecutor-1] [                                                 ] com.tngtech.archunit.core.PluginLoader   : Detected Java version 21.0.9
2026-01-18T21:04:18.087+01:00  INFO 689250 --- [ork8stra] [           main] [                                                 ] o.s.b.w.embedded.tomcat.TomcatWebServer  : Tomcat initialized with port 8080 (http)
2026-01-18T21:04:18.148+01:00  INFO 689250 --- [ork8stra] [           main] [                                                 ] o.apache.catalina.core.StandardService   : Starting service [Tomcat]
2026-01-18T21:04:18.148+01:00  INFO 689250 --- [ork8stra] [           main] [                                                 ] o.apache.catalina.core.StandardEngine    : Starting Servlet engine: [Apache Tomcat/10.1.49]
2026-01-18T21:04:18.206+01:00  INFO 689250 --- [ork8stra] [           main] [                                                 ] o.a.c.c.C.[Tomcat].[localhost].[/]       : Initializing Spring embedded WebApplicationContext
2026-01-18T21:04:18.208+01:00  INFO 689250 --- [ork8stra] [           main] [                                                 ] w.s.c.ServletWebServerApplicationContext : Root WebApplicationContext: initialization completed in 9189 ms
2026-01-18T21:04:18.704+01:00  INFO 689250 --- [ork8stra] [           main] [                                                 ] o.hibernate.jpa.internal.util.LogHelper  : HHH000204: Processing PersistenceUnitInfo [name: default]
2026-01-18T21:04:18.768+01:00  INFO 689250 --- [ork8stra] [           main] [                                                 ] org.hibernate.Version                    : HHH000412: Hibernate ORM core version 6.6.36.Final
2026-01-18T21:04:18.802+01:00  INFO 689250 --- [ork8stra] [           main] [                                                 ] o.h.c.internal.RegionFactoryInitiator    : HHH000026: Second-level cache disabled
2026-01-18T21:04:19.096+01:00  INFO 689250 --- [ork8stra] [           main] [                                                 ] o.s.o.j.p.SpringPersistenceUnitInfo      : No LoadTimeWeaver setup: ignoring JPA class transformer
2026-01-18T21:04:19.142+01:00  INFO 689250 --- [ork8stra] [           main] [                                                 ] com.zaxxer.hikari.HikariDataSource       : HikariPool-1 - Starting...
2026-01-18T21:04:19.394+01:00  INFO 689250 --- [ork8stra] [           main] [                                                 ] com.zaxxer.hikari.pool.HikariPool        : HikariPool-1 - Added connection org.postgresql.jdbc.PgConnection@1f85904a
2026-01-18T21:04:19.395+01:00  INFO 689250 --- [ork8stra] [           main] [                                                 ] com.zaxxer.hikari.HikariDataSource       : HikariPool-1 - Start completed.
2026-01-18T21:04:19.422+01:00  WARN 689250 --- [ork8stra] [           main] [                                                 ] org.hibernate.orm.deprecation            : HHH90000025: PostgreSQLDialect does not need to be specified explicitly using 'hibernate.dialect' (remove the property setting and it will be selected by default)
2026-01-18T21:04:19.443+01:00  INFO 689250 --- [ork8stra] [           main] [                                                 ] org.hibernate.orm.connections.pooling    : HHH10001005: Database info:
	Database JDBC URL [Connecting through datasource 'HikariDataSource (HikariPool-1)']
	Database driver: undefined/unknown
	Database version: 18.1
	Autocommit mode: undefined/unknown
	Isolation level: undefined/unknown
	Minimum pool size: undefined/unknown
	Maximum pool size: undefined/unknown
2026-01-18T21:04:20.648+01:00  INFO 689250 --- [ork8stra] [           main] [                                                 ] o.h.e.t.j.p.i.JtaPlatformInitiator       : HHH000489: No JTA platform available (set 'hibernate.transaction.jta.platform' to enable JTA platform integration)
2026-01-18T21:04:20.733+01:00  INFO 689250 --- [ork8stra] [           main] [                                                 ] j.LocalContainerEntityManagerFactoryBean : Initialized JPA EntityManagerFactory for persistence unit 'default'
2026-01-18T21:04:21.373+01:00  INFO 689250 --- [ork8stra] [           main] [                                                 ] eAuthenticationProviderManagerConfigurer : Global AuthenticationManager configured with AuthenticationProvider bean with name authenticationProvider
2026-01-18T21:04:21.373+01:00  WARN 689250 --- [ork8stra] [           main] [                                                 ] r$InitializeUserDetailsManagerConfigurer : Global AuthenticationManager configured with an AuthenticationProvider bean. UserDetailsService beans will not be used by Spring Security for automatically configuring username/password login. Consider removing the AuthenticationProvider bean. Alternatively, consider using the UserDetailsService in a manually instantiated DaoAuthenticationProvider. If the current configuration is intentional, to turn off this warning, increase the logging level of 'org.springframework.security.config.annotation.authentication.configuration.InitializeUserDetailsBeanManagerConfigurer' to ERROR
2026-01-18T21:04:21.456+01:00  WARN 689250 --- [ork8stra] [           main] [                                                 ] JpaBaseConfiguration$JpaWebConfiguration : spring.jpa.open-in-view is enabled by default. Therefore, database queries may be performed during view rendering. Explicitly configure spring.jpa.open-in-view to disable this warning
2026-01-18T21:04:22.062+01:00  INFO 689250 --- [ork8stra] [           main] [                                                 ] o.s.b.a.e.web.EndpointLinksResolver      : Exposing 1 endpoint beneath base path '/actuator'
2026-01-18T21:04:22.997+01:00  INFO 689250 --- [ork8stra] [           main] [                                                 ] o.s.b.w.embedded.tomcat.TomcatWebServer  : Tomcat started on port 8080 (http) with context path '/'
2026-01-18T21:04:23.020+01:00  INFO 689250 --- [ork8stra] [           main] [                                                 ] o.s.s.config.TaskSchedulerRouter         : No TaskScheduler/ScheduledExecutorService bean found for scheduled processing
2026-01-18T21:04:23.026+01:00  INFO 689250 --- [ork8stra] [           main] [                                                 ] com.ork8stra.Ork8straApplication         : Started Ork8straApplication in 14.974 seconds (process running for 15.901)
2026-01-18T21:04:30.553+01:00  INFO 689250 --- [ork8stra] [nio-8080-exec-1] [                                                 ] o.a.c.c.C.[Tomcat].[localhost].[/]       : Initializing Spring DispatcherServlet 'dispatcherServlet'
2026-01-18T21:04:30.553+01:00  INFO 689250 --- [ork8stra] [nio-8080-exec-1] [                                                 ] o.s.web.servlet.DispatcherServlet        : Initializing Servlet 'dispatcherServlet'
2026-01-18T21:04:30.555+01:00  INFO 689250 --- [ork8stra] [nio-8080-exec-1] [                                                 ] o.s.web.servlet.DispatcherServlet        : Completed initialization in 1 ms
Hibernate: select u1_0.id from users u1_0 where upper(u1_0.username)=upper(?) fetch first ? rows only
Hibernate: select u1_0.id from users u1_0 where upper(u1_0.email)=upper(?) fetch first ? rows only
2026-01-18T21:04:31.331+01:00  INFO 689250 --- [ork8stra] [nio-8080-exec-1] [                                                 ] com.ork8stra.auth.service.AuthService    : User registered: testuser
Hibernate: insert into users (created_at,email,enabled,password_hash,updated_at,username,id) values (?,?,?,?,?,?,?)
Hibernate: insert into user_roles (user_id,role) values (?,?)
2026-01-18T21:48:34.329+01:00  INFO 689250 --- [ork8stra] [ionShutdownHook] [                                                 ] o.s.b.w.e.tomcat.GracefulShutdown        : Commencing graceful shutdown. Waiting for active requests to complete
2026-01-18T21:48:34.351+01:00  INFO 689250 --- [ork8stra] [tomcat-shutdown] [                                                 ] o.s.b.w.e.tomcat.GracefulShutdown        : Graceful shutdown complete
Hibernate: select djep1_0.id,djep1_0.completion_date,djep1_0.event_type,djep1_0.listener_id,djep1_0.publication_date,djep1_0.serialized_event from event_publication djep1_0 where djep1_0.completion_date is null order by djep1_0.publication_date
2026-01-18T21:48:34.720+01:00  INFO 689250 --- [ork8stra] [ionShutdownHook] [                                                 ] .s.m.e.c.DefaultEventPublicationRegistry : No publications outstanding!
2026-01-18T21:48:34.726+01:00  INFO 689250 --- [ork8stra] [ionShutdownHook] [                                                 ] j.LocalContainerEntityManagerFactoryBean : Closing JPA EntityManagerFactory for persistence unit 'default'
2026-01-18T21:48:34.731+01:00  INFO 689250 --- [ork8stra] [ionShutdownHook] [                                                 ] com.zaxxer.hikari.HikariDataSource       : HikariPool-1 - Shutdown initiated...
2026-01-18T21:48:34.734+01:00  INFO 689250 --- [ork8stra] [ionShutdownHook] [                                                 ] com.zaxxer.hikari.HikariDataSource       : HikariPool-1 - Shutdown completed.
